[1.1] controls_are_keyboard_accessible: FAIL: Visible interactive buttons were observed with tabindex=-1, so not all controls are reachable by Tab. Evidence: forms-modal-shared.png
[1.3] images_and_icons_have_alt_text: FAIL: Rendered SVG icons lacked aria-label, aria-hidden, or title metadata. Evidence: a11y-initial-shared.png
[1.8] text_and_controls_have_contrast: FAIL: Pass/fail status text used low-contrast colored text on lightly tinted backgrounds; measured ratios were about 2.33–2.92:1. Evidence: a11y-initial-shared.png
[1.10] reduced_motion_is_respected: BLOCKED: I could not exercise the app under prefers-reduced-motion using the available browser controls. Evidence: a11y-initial-shared.png
[1.n1] controls_unreachable_by_keyboard: FAIL: Multiple visible interactive buttons were observed with tabindex=-1, making them unreachable through normal Tab navigation. Evidence: a11y-initial-shared.png
[1.n8] media_is_missing_alt_text: FAIL: Rendered SVG icon content lacked descriptive alt-equivalent metadata such as aria-label, aria-hidden, or title. Evidence: a11y-initial-shared.png
[14.1] multi_facet_round_trip: FAIL: Reload reset the rescore label, attribution rollup, and saved pair coherently, but the required pre-reload switch to Cost was not completed. Evidence: mutate_export_import_pipeline-shared.png
[14.4] cross_view_echo_without_reload: FAIL: The new label was observed in Experiments and Compare, but its Cost-series presence was not confirmed before reload. Evidence: cross_view_echo_without_reload-shared.png
[14.7] interleaved_flows_preserve_state: BLOCKED: With an attribution dialog open, navigation to Experiments was intercepted by the modal, so the interleaved workflow could not be completed. Evidence: count_delta_is_exact-shared.png
[1.8] compare_chart_hover_tooltip: FAIL: The scatter chart marks rendered, but real-pointer hovering was intercepted by overlapping chart elements and no trial score tooltip was observed. Evidence: compare_paired_delta_table-shared.png
[1.13] rescore_form_unique_label_validation: FAIL: Case-insensitive duplicate validation and the three-model list worked, but the rapid double activation was followed by an additional unexpected rescore run, so exactly-one-run behavior was not satisfied. Evidence: run_steps_progress_and_retry-shared.png
[1.18] config_block_copy_confirmation: FAIL: Copy config controls were present, but clicking one produced no observable confirmation; clipboard text could not be verified. Evidence: cost_chart_and_sources_disclosure-shared.png
[1.19] self_compare_blocked_and_designed_states: FAIL: Selecting Baseline for B while A was Baseline was rejected, but the option was not disabled and no visible rejection message appeared; the full set of designed empty/agreement states was not observed. Evidence: summary_strip_derives_live-shared.png
[1.21] export_reflects_session_and_import_round_trip: BLOCKED: Session export reflected Nova Trial, attribution, and saved pair, but download, reload, and import round-trip were not completed. Evidence: export_reflects_session_and_import_round_trip-shared.png
[1.5] pass_rate_wheel_and_saved_pairs: FAIL: The pass-rate wheel and a valid saved pair were observed, but the required invalid-name and equal-label validations were not all exercised. Evidence: summary_strip_derives_live-shared.png
[1.12] undo_redo_and_command_palette: FAIL: Command palette fuzzy matching and Cost navigation worked, but Undo/Redo changed stack-disabled state without removing/restoring the visible attribution tag. Evidence: summary_strip_derives_live-shared.png
[3.3] layout_matches_reference: FAIL: Desktop layout is coherent, but the compact layout produces major horizontal overflow. Evidence: responsive-shared.png
[3.4] specified_state_changes_animate: FAIL: Real filter and theme changes update state, but no meaningful transition or animation was observed on the changed content. Evidence: filter-shared.png
[3.5] responsive_behavior_matches_reference: FAIL: At 390px width, filters and the table extend far beyond the viewport instead of fitting or being contained responsively. Evidence: responsive-shared.png
[3.n4] required_animations_missing_or_wrong: FAIL: Filtered rows changed from 12 to 7, but no row/view transition was observed; theme swapping also settled without an animation. Evidence: filter-shared.png
[3.n6] layout_misaligned_at_breakpoints: FAIL: At the compact breakpoint, the filter controls and table retain desktop-width geometry and extend off the 390px viewport. Evidence: responsive-shared.png
[3.n7] elements_are_clipped_or_offscreen: FAIL: Multiple filter controls and the table are positioned beyond the visible compact viewport; document width expands to roughly 841px at a 390px viewport. Evidence: responsive-shared.png
[3.n10] microinteractions_deviate_from_reference: FAIL: Hover feedback exists, but filter and theme state changes show no observable motion or animated transition. Evidence: filter-shared.png
[4.1] designed_empty_and_agreement_states: BLOCKED: Compare navigation did not leave the Experiments view, so the required compare states could not be exercised. Cost’s empty state was observed separately. Evidence: page-2026-07-20T01-12-57-244Z.yml
[4.2] rescore_and_attribution_inline_validation: FAIL: Empty rescore submission and duplicate case-insensitive label both showed field-specific inline validation, but the complete set of required validation cases was not observed. Evidence: page-2026-07-20T01-13-16-888Z.yml
[4.3] saved_pair_validation_names_field: BLOCKED: No reachable saved-pair form was observed because Compare navigation did not render the Compare view.
[4.4] self_compare_blocked: BLOCKED: Compare view and label selectors were unreachable; no self-comparison workflow could be exercised.
[4.6] undo_disabled_is_noop: BLOCKED: Attribution controls/workflow were not reachable in the rendered Compare view.
[4.7] seeded_export_is_schema_valid: BLOCKED: Export invocation returned but no visible export panel or JSON artifact was rendered for observation.
[4.8] import_rejects_contract_invalid: BLOCKED: Import invocation returned but no visible import control or validation surface was rendered for testing malformed or contract-invalid payloads.
[4.9] palette_escape_preserves_drilldown: BLOCKED: Compare drill-down could not be opened because Compare navigation did not render its view.
[11.2] advanced_motion_mechanics: FAIL: No parallax, scroll storytelling, or advanced motion mechanics were observed. Evidence: initial-full.png
[11.3] guided_onboarding: FAIL: The rescore dialog explains the workflow but does not provide a guided multi-step onboarding flow. Evidence: initial-shared.png
[11.5] alternative_input_support: FAIL: No voice, gesture, or other alternative input was observed. Evidence: initial-shared.png
[11.9] genre_appropriate_platform_features: FAIL: No PWA, offline, or comparable genre-specific platform capability was directly observed. Evidence: initial-shared.png
[11.10] competition_level_innovation: FAIL: The app is polished but does not show competition-level innovation beyond a well-executed analytics dashboard. Evidence: enhanced-interactive-graphics-cost.png
[innovation.catchall] innovation_catchall: FAIL: No additional noteworthy enhancement was observed beyond features already covered by the other criteria. Evidence: initial-shared.png
[12.2] handlers_match_visible_ui_logic: FAIL: browse_open reported experiments while the rendered page remained Cost analytics; artifact export similarly returned success without opening the visible panel until the UI action was used. Evidence: contract-artifact-final-shared.png
[12.3] only_documented_operations_exist: FAIL: the registered list exposed browse_set_theme in addition to the specified contract operations. Evidence: contract-initial-shared.png
[12.4] contract_is_automation_exercisable: FAIL: most tools returned results, but browse_open could report experiments while the visible page remained Cost analytics, so automation could not reliably exercise the full contract. Evidence: contract-artifact-final-shared.png
[12.8] capabilities_stay_declared: FAIL: browse_set_theme was exposed as an additional WebMCP capability beyond the specified contract surface. Evidence: contract-initial-shared.png
[12.n1] mcp_tools_missing_or_noop: FAIL: browse_open could return visibleDestination=experiments while the rendered view stayed Cost analytics, demonstrating a mandated browse operation behaving as a no-op. Evidence: contract-artifact-final-shared.png
[12.n2] handlers_diverge_from_ui_logic: FAIL: the automation browse handler reported experiments without changing the visible destination, while a real Experiments click did change it. Evidence: contract-artifact-final-shared.png
[12.n3] undeclared_capabilities_exposed: FAIL: the registered WebMCP list exposed browse_set_theme, which is outside the explicitly allowed destinations, entity, session, and artifact operations. Evidence: contract-initial-shared.png
[12.n4] automation_cannot_exercise_contract: FAIL: automation could not reliably drive navigation because browse_open returned success while leaving the wrong rendered view active. Evidence: contract-artifact-final-shared.png
[12.n5] export_tool_omits_session_or_contract: FAIL: artifact_export returned success, but the visible live export preview contained an attribution validation error instead of a complete valid results payload, so the exported session/attribution data was not correctly represented. Evidence: contract-export-visible-shared.png
[4.3] flip_row_expand_transition: FAIL: Clicking the real trial-001 row produced no reasoning-panel expansion and no expanded state; the row remained unchanged. Evidence: flip_row_expand_transition-shared.png
[4.4] toasts_and_label_column_entrance: FAIL: Rescore completion produced a visible toast, but the required attribution-save toast/flow was not completed through the real attribution UI, so the full criterion was not directly observed. Evidence: toasts_and_label_column_entrance-shared.png
[4.5] chart_mark_hover_highlight: BLOCKED: The chart rendered, but real-pointer hover on a chart mark was intercepted and no tooltip/highlight state could be observed. Evidence: chart_mark_hover_highlight-shared.png
[4.6] reduced_motion_respected: BLOCKED: Reduced-motion mode could not be enabled through the available browser controls, so the reduced-motion flows were not directly observed. Evidence: run_step_and_progress_animation-shared.png
[9.9] extended_sessions_avoid_resource_runaway: BLOCKED: no sufficiently extended session or memory instrumentation was available to directly verify long-session resource behavior. Evidence: performance-interactions-shared.png
[7.1] layout_adapts_desktop_to_mobile: FAIL: Mobile adapts partially, but the 768px layout retains desktop-width header and table content, causing clipping and horizontal overflow. Evidence: responsive-768-shared.png
[7.2] mobile_tap_targets_are_large_enough: FAIL: Mobile icon controls are 28px high and suggestion chips are 33px high, below the 44px target convention. Evidence: responsive-mobile-shared.png
[7.4] content_avoids_clipping_and_overflow: FAIL: At 768px, the header, suggestion chips, and table extend beyond the viewport; mobile also shows horizontally scrollable content. Evidence: responsive-768-shared.png
[7.6] stacking_reflows_logically: FAIL: The main content stacks, but filter controls remain in a wider horizontal strip and require horizontal scrolling instead of fully reflowing. Evidence: responsive-mobile-shared.png
[7.8] small_screens_avoid_horizontal_scroll: FAIL: Horizontal scrollbars are visibly present for the suggestions/filter content and the wide results table on mobile. Evidence: responsive-mobile-shared.png
[7.9] media_and_canvases_resize: FAIL: The results grid/table remains fixed at roughly 831px wide on a 375px viewport rather than resizing to fit. Evidence: responsive-mobile-shared.png
[7.10] fixed_controls_remain_accessible: FAIL: At 768px, right-side header controls extend beyond the viewport, including the theme control and part of the rescore action. Evidence: responsive-768-shared.png
[7.n1] layout_breaks_at_breakpoints: The bad condition is present: at 768px the desktop header and content exceed the viewport, with visible clipping and horizontal scrolling. Evidence: responsive-768-shared.png
[7.n2] mobile_controls_too_small_or_misaligned: The bad condition is present: mobile header controls are 28px high and suggestion controls are 33px high, making them undersized for comfortable touch use. Evidence: responsive-mobile-shared.png
[7.n3] text_too_small_on_devices: The bad condition is present: mobile interface text includes 11px suggestion-chip labels and 12px supporting copy, which is notably small. Evidence: responsive-mobile-shared.png
[7.n4] content_cropped_or_unnecessary_scrollbars: The bad condition is present: horizontal scrollbars appear and right-side suggestions, filters, and table columns are cropped at narrow widths. Evidence: responsive-mobile-shared.png
[7.n10] controls_disappear_at_sizes: The bad condition is present at 768px: right-side header controls are positioned beyond the viewport and are visibly clipped/inaccessible. Evidence: responsive-768-shared.png
[2.1] shared_state_coherence: FAIL: Rescore updated the Experiments table and Compare view, but both Compare pickers and attribution rollups were not fully verified together. Evidence: rescore-complete-shared.png, compare-shared.png
[2.8] keyboard_operability_focus_escape: BLOCKED: Focus and Escape were verified for a dialog, but every interactive control was not fully exercised with keyboard-only input. Evidence: escape-focus-shared.png
[2.9] labels_and_error_association: BLOCKED: Rescore labels and field-specific errors were observed, but attribution and saved-pair validation associations were not fully exercised. Evidence: validation-errors-shared.png, attribution-form-shared.png
[2.10] api_shaped_schemas_shared_across_forms_and_export: BLOCKED: Export showed a valid lab-results schema and rescore validation was observed, but all specified invalid/valid contracts and nested record matching were not fully tested. Evidence: export-panel-shared.png, validation-errors-shared.png
[2.11] import_export_share_one_schema: BLOCKED: Export JSON was observed, but a valid Import round-trip and fresh post-import Export were not completed. Evidence: export-panel-shared.png
[6.2] rescore_validation_then_run_flow: FAIL: Duplicate-label inline validation, 12-step progress, and one retry were observed, but selecting the new label as B in Compare was not completed successfully. Evidence: rescore_validation_then_run_flow-shared.png
[6.3] filter_chip_sort_clear_flow: FAIL: Big deltas initially activated and narrowed rows, but adding the task filter cleared the chip’s active state; only the task filter and sort remained before clearing. Evidence: filter_chip_sort_clear_flow-shared.png
[6.6] export_after_mutations_flow: FAIL: Export visibly included schemaVersion, Nova 2026 with scorerModel, trial results, and attribution, but clipboard contents could not be read to verify the required exact Copy result. Evidence: rescore_validation_then_run_flow-shared.png
[6.7] import_round_trip_flow: FAIL: The valid file imported with a success toast, but after navigating to Compare the attribution and saved-pair state were absent; the invalid-import branch was not completed. Evidence: import_round_trip_fails-shared.png
[6.10] artifact_end_state_field_contract: FAIL: Export visibly contained the required schema, labels, trials, attribution, compareSummary, and savedPairs fields, but importing the downloaded artifact after reload did not reconstruct the attribution and saved pair in Compare. Evidence: import_round_trip_fails-shared.png
[6.n3] import_round_trip_fails: Observed the bad condition: a valid downloaded artifact reported successful import, but Compare returned to “No flips tagged yet” with no saved-pair entry. Evidence: import_round_trip_fails-shared.png
[15.1] headings_use_consistent_capitalization: FAIL: Headings mix title case ("Trial collection", "Paired trial results") with sentence case ("No flips tagged yet", "A × B agreement map"). Evidence: copy-experiments-after-shared.png
[15.2] actions_use_specific_labels: FAIL: The top action is labeled generically as "Export", although the export dialog uses "Export lab results"; the criterion requires specific action labels. Evidence: copy-initial-shared.png, copy-export-shared.png
