
> start
> npx --yes serve dist -l 3000 -n

 INFO  Accepting connections at http://localhost:3000
 HTTP  7/20/2026 5:48:09 AM ::1 GET /
 HTTP  7/20/2026 5:48:09 AM ::1 Returned 200 in 21 ms
 HTTP  7/20/2026 5:48:09 AM ::1 GET /_astro/index.D0NPw0mr.css
 HTTP  7/20/2026 5:48:09 AM ::1 Returned 200 in 3 ms
 HTTP  7/20/2026 5:48:09 AM ::1 GET /_astro/Workspace.BmoP3jTi.js
 HTTP  7/20/2026 5:48:09 AM ::1 GET /_astro/client.C4rGbYxV.js
 HTTP  7/20/2026 5:48:09 AM ::1 Returned 200 in 7 ms
 HTTP  7/20/2026 5:48:09 AM ::1 Returned 200 in 8 ms
 HTTP  7/20/2026 5:48:09 AM ::1 GET /_astro/index.B52nOzfP.js
 HTTP  7/20/2026 5:48:09 AM ::1 Returned 200 in 3 ms
 HTTP  7/20/2026 5:48:09 AM ::1 GET /assets/scenes/scene-02.webp
 HTTP  7/20/2026 5:48:09 AM ::1 GET /assets/scenes/scene-03.webp
 HTTP  7/20/2026 5:48:09 AM ::1 Returned 404 in 5 ms
 HTTP  7/20/2026 5:48:09 AM ::1 GET /assets/scenes/scene-04.webp
 HTTP  7/20/2026 5:48:09 AM ::1 Returned 404 in 6 ms
 HTTP  7/20/2026 5:48:09 AM ::1 GET /assets/scenes/scene-05.webp
 HTTP  7/20/2026 5:48:09 AM ::1 GET /assets/scenes/scene-06.webp
 HTTP  7/20/2026 5:48:09 AM ::1 Returned 404 in 4 ms
 HTTP  7/20/2026 5:48:09 AM ::1 Returned 404 in 6 ms
 HTTP  7/20/2026 5:48:09 AM ::1 Returned 404 in 4 ms

 INFO  Gracefully shutting down. Please wait...
